<?xml version="1.0" encoding="UTF-8"?>
<!-- Generated by org.testng.reporters.JUnitXMLReporter -->
<testsuite ignored="0" hostname="EGCA1-0091" failures="0" tests="5" name="Check Main Operations on Calculator Application" time="33.756" errors="0" timestamp="2022-06-23T12:46:53 EET">
  <testcase classname="test_cases.CheckMainOperations" name="checkSummationOperation" time="4.007"/>
  <testcase classname="test_cases.CheckMainOperations" name="checkSubtractionOperation" time="4.479"/>
  <testcase classname="test_cases.CheckMainOperations" name="checkMultiblicationOperation" time="4.15"/>
  <testcase classname="test_cases.CheckMainOperations" name="checkDivisionOperation" time="5.441"/>
  <testcase classname="test_cases.CheckMainOperations" name="checkModulasOperation" time="3.932"/>
</testsuite> <!-- Check Main Operations on Calculator Application -->
