<?xml version="1.0" encoding="UTF-8"?>
<!-- Generated by org.testng.reporters.JUnitXMLReporter -->
<testsuite hostname="EGCA1-0091" ignored="0" name="Check Main Operations on Calculator Application" tests="5" failures="0" timestamp="2022-09-29T22:03:34 EET" time="50.797" errors="0">
  <testcase name="checkSummationOperation" time="6.221" classname="test_cases.CheckMainOperations"/>
  <testcase name="checkSubtractionOperation" time="4.763" classname="test_cases.CheckMainOperations"/>
  <testcase name="checkMultiblicationOperation" time="4.572" classname="test_cases.CheckMainOperations"/>
  <testcase name="checkDivisionOperation" time="5.727" classname="test_cases.CheckMainOperations"/>
  <testcase name="checkModulasOperation" time="4.668" classname="test_cases.CheckMainOperations"/>
</testsuite> <!-- Check Main Operations on Calculator Application -->
