<?xml version="1.0" encoding="UTF-8"?>
<!-- Generated by org.testng.reporters.JUnitXMLReporter -->
<testsuite ignored="0" hostname="EGCA1-0091" failures="0" tests="5" name="Test" time="38.932" errors="0" timestamp="2022-03-31T22:20:59 EET">
  <testcase classname="main.Start" name="checkSummationOperation" time="5.34"/>
  <testcase classname="main.Start" name="checkSubtractionOperation" time="4.425"/>
  <testcase classname="main.Start" name="checkMultiblicationOperation" time="4.119"/>
  <testcase classname="main.Start" name="checkDivisionOperation" time="5.412"/>
  <testcase classname="main.Start" name="checkModulasOperation" time="4.141"/>
</testsuite> <!-- Test -->
