<?xml version="1.0" encoding="UTF-8"?>
<!-- Generated by org.testng.reporters.JUnitXMLReporter -->
<testsuite ignored="0" hostname="EGCA1-0091" failures="0" tests="5" name="Test" time="37.051" errors="0" timestamp="2022-06-23T12:14:21 EET">
  <testcase classname="main.Start" name="checkSummationOperation" time="5.113"/>
  <testcase classname="main.Start" name="checkSubtractionOperation" time="4.171"/>
  <testcase classname="main.Start" name="checkMultiblicationOperation" time="3.927"/>
  <testcase classname="main.Start" name="checkDivisionOperation" time="5.16"/>
  <testcase classname="main.Start" name="checkModulasOperation" time="4.405"/>
</testsuite> <!-- Test -->
