<?xml version="1.0" encoding="UTF-8"?>
<testng-results ignored="0" total="5" passed="5" failed="0" skipped="0">
  <reporter-output>
  </reporter-output>
  <suite started-at="2022-07-23T22:48:40 EET" name="Suite" finished-at="2022-07-23T22:49:27 EET" duration-ms="47727">
    <groups>
      <group name="smoke">
        <method signature="CheckMainOperations.checkDivisionOperation()[pri:4, instance:test_cases.CheckMainOperations@5a45133e]" name="checkDivisionOperation" class="test_cases.CheckMainOperations"/>
        <method signature="CheckMainOperations.checkModulasOperation()[pri:5, instance:test_cases.CheckMainOperations@5a45133e]" name="checkModulasOperation" class="test_cases.CheckMainOperations"/>
        <method signature="CheckMainOperations.checkMultiblicationOperation()[pri:3, instance:test_cases.CheckMainOperations@5a45133e]" name="checkMultiblicationOperation" class="test_cases.CheckMainOperations"/>
        <method signature="CheckMainOperations.checkSubtractionOperation()[pri:2, instance:test_cases.CheckMainOperations@5a45133e]" name="checkSubtractionOperation" class="test_cases.CheckMainOperations"/>
        <method signature="CheckMainOperations.checkSummationOperation()[pri:1, instance:test_cases.CheckMainOperations@5a45133e]" name="checkSummationOperation" class="test_cases.CheckMainOperations"/>
      </group> <!-- smoke -->
    </groups>
    <test started-at="2022-07-23T22:48:40 EET" name="Check Main Operations on Calculator Application" finished-at="2022-07-23T22:49:27 EET" duration-ms="47727">
      <class name="test_cases.CheckMainOperations">
        <test-method is-config="true" signature="prepare()[pri:0, instance:test_cases.CheckMainOperations@5a45133e]" started-at="2022-07-23T22:48:40 EET" name="prepare" finished-at="2022-07-23T22:48:56 EET" duration-ms="16983" status="PASS">
          <reporter-output>
          </reporter-output>
        </test-method> <!-- prepare -->
        <test-method signature="checkSummationOperation()[pri:1, instance:test_cases.CheckMainOperations@5a45133e]" started-at="2022-07-23T22:48:57 EET" name="checkSummationOperation" description="checkSummationOperation on Calculator" finished-at="2022-07-23T22:49:04 EET" duration-ms="7602" status="PASS">
          <reporter-output>
          </reporter-output>
        </test-method> <!-- checkSummationOperation -->
        <test-method signature="checkSubtractionOperation()[pri:2, instance:test_cases.CheckMainOperations@5a45133e]" started-at="2022-07-23T22:49:04 EET" name="checkSubtractionOperation" description="checkSubtractionOperation on Calculator" finished-at="2022-07-23T22:49:09 EET" duration-ms="5292" status="PASS">
          <reporter-output>
          </reporter-output>
        </test-method> <!-- checkSubtractionOperation -->
        <test-method signature="checkMultiblicationOperation()[pri:3, instance:test_cases.CheckMainOperations@5a45133e]" started-at="2022-07-23T22:49:09 EET" name="checkMultiblicationOperation" description="checkMultiblicationOperation on Calculator" finished-at="2022-07-23T22:49:15 EET" duration-ms="5210" status="PASS">
          <reporter-output>
          </reporter-output>
        </test-method> <!-- checkMultiblicationOperation -->
        <test-method signature="checkDivisionOperation()[pri:4, instance:test_cases.CheckMainOperations@5a45133e]" started-at="2022-07-23T22:49:15 EET" name="checkDivisionOperation" description="checkDivisionOperation on Calculator" finished-at="2022-07-23T22:49:22 EET" duration-ms="6882" status="PASS">
          <reporter-output>
          </reporter-output>
        </test-method> <!-- checkDivisionOperation -->
        <test-method signature="checkModulasOperation()[pri:5, instance:test_cases.CheckMainOperations@5a45133e]" started-at="2022-07-23T22:49:22 EET" name="checkModulasOperation" description="checkModulasOperation on Calculator" finished-at="2022-07-23T22:49:27 EET" duration-ms="4998" status="PASS">
          <reporter-output>
          </reporter-output>
        </test-method> <!-- checkModulasOperation -->
        <test-method is-config="true" signature="TearDown()[pri:0, instance:test_cases.CheckMainOperations@5a45133e]" started-at="2022-07-23T22:49:27 EET" name="TearDown" finished-at="2022-07-23T22:49:27 EET" duration-ms="649" status="PASS">
          <reporter-output>
          </reporter-output>
        </test-method> <!-- TearDown -->
      </class> <!-- test_cases.CheckMainOperations -->
    </test> <!-- Check Main Operations on Calculator Application -->
  </suite> <!-- Suite -->
</testng-results>
